#
# There is insufficient memory for the Java Runtime Environment to continue.
# Native memory allocation (malloc) failed to allocate 2097152 bytes for AllocateHeap
# Possible reasons:
#   The system is out of physical RAM or swap space
#   The process is running with CompressedOops enabled, and the Java Heap may be blocking the growth of the native heap
# Possible solutions:
#   Reduce memory load on the system
#   Increase physical memory or swap space
#   Check if swap backing store is full
#   Decrease Java heap size (-Xmx/-Xms)
#   Decrease number of Java threads
#   Decrease Java thread stack sizes (-Xss)
#   Set larger code cache with -XX:ReservedCodeCacheSize=
#   JVM is running with Unscaled Compressed Oops mode in which the Java heap is
#     placed in the first 4GB address space. The Java Heap base address is the
#     maximum limit for the native heap growth. Please use -XX:HeapBaseMinAddress
#     to set the Java Heap base and to place the Java Heap above 4GB virtual address.
# This output file may be truncated or incomplete.
#
#  Out of Memory Error (allocation.cpp:44), pid=3388, tid=27816
#
# JRE version: OpenJDK Runtime Environment Temurin-17.0.10+7 (17.0.10+7) (build 17.0.10+7)
# Java VM: OpenJDK 64-Bit Server VM Temurin-17.0.10+7 (17.0.10+7, mixed mode, emulated-client, tiered, compressed oops, compressed class ptrs, g1 gc, windows-amd64)
# No core dump will be written. Minidumps are not enabled by default on client versions of Windows
#

---------------  S U M M A R Y ------------

Command Line: -XX:+HeapDumpOnOutOfMemoryError -Xmx1024m -Dsts.lsp.client=vscode -Dsts.log.file=/dev/null -XX:TieredStopAtLevel=1 -Xlog:jni+resolve=off -Dspring.config.location=file:c:\Users\Administrador\.vscode\extensions\vmware.vscode-spring-boot-1.53.0\language-server\BOOT-INF\classes\application.properties org.springframework.ide.vscode.boot.app.BootLanguageServerBootApp

Host: 11th Gen Intel(R) Core(TM) i5-1145G7 @ 2.60GHz, 8 cores, 15G,  Windows 10 , 64 bit Build 19041 (10.0.19041.3636)
Time: Wed Mar 27 16:02:34 2024 Hora estándar central (México) elapsed time: 16134.792279 seconds (0d 4h 28m 54s)

---------------  T H R E A D  ---------------

Current thread (0x0000028fd9e4bef0):  VMThread "VM Thread" [stack: 0x000000b0efe00000,0x000000b0eff00000] [id=27816]

Stack: [0x000000b0efe00000,0x000000b0eff00000]
Native frames: (J=compiled Java code, j=interpreted, Vv=VM code, C=native code)
V  [jvm.dll+0x67d2c9]
V  [jvm.dll+0x834afa]
V  [jvm.dll+0x8365be]
V  [jvm.dll+0x836c23]
V  [jvm.dll+0x2477ff]
V  [jvm.dll+0xa6c93]
V  [jvm.dll+0x2f86f1]
V  [jvm.dll+0x2f42e0]
V  [jvm.dll+0x2dc8c7]
V  [jvm.dll+0x31fb87]
V  [jvm.dll+0x83b11b]
V  [jvm.dll+0x83be61]
V  [jvm.dll+0x83c37d]
V  [jvm.dll+0x83c754]
V  [jvm.dll+0x83c820]
V  [jvm.dll+0x7e3fba]
V  [jvm.dll+0x67c1b5]
C  [ucrtbase.dll+0x21bb2]
C  [KERNEL32.DLL+0x17344]
C  [ntdll.dll+0x526b1]

VM_Operation (0x000000b0f11feca0): G1CollectFull, mode: safepoint, requested by thread 0x0000028fdf7a8210


---------------  P R O C E S S  ---------------

Threads class SMR info:
_java_thread_list=0x0000028fdeb53610, length=47, elements={
0x0000028fde024ff0, 0x0000028fde026180, 0x0000028fde060130, 0x0000028fde062a10,
0x0000028fde0632e0, 0x0000028fde065bc0, 0x0000028fde066540, 0x0000028fde066e50,
0x0000028fde2c14a0, 0x0000028fde2edbc0, 0x0000028fdf918090, 0x0000028fdf7a8210,
0x0000028fdf7b8060, 0x0000028fceff1c90, 0x0000028fdeb3f370, 0x0000028fdf9cf500,
0x0000028fdea53e90, 0x0000028fdea52f60, 0x0000028fdea53980, 0x0000028fdea548b0,
0x0000028fdfa89670, 0x0000028fdfa8a5a0, 0x0000028fdfa87d20, 0x0000028fdfa8afc0,
0x0000028fdfa89b80, 0x0000028fdea557e0, 0x0000028fdea52540, 0x0000028fdfa8aab0,
0x0000028fdfa88c50, 0x0000028fe075dbb0, 0x0000028fe075cc80, 0x0000028fe075eae0,
0x0000028fe075bd50, 0x0000028fe075c260, 0x0000028fe075b330, 0x0000028fe075c770,
0x0000028fe075d190, 0x0000028fe075d6a0, 0x0000028fdfa8b4d0, 0x0000028fe0b75bc0,
0x0000028fe0b7bbf0, 0x0000028fe0b77510, 0x0000028fe0b77a20, 0x0000028fe0b77f30,
0x0000028fe0b7cb20, 0x0000028fe0b7c100, 0x0000028fe0b79370
}

Java Threads: ( => current thread )
  0x0000028fde024ff0 JavaThread "Reference Handler" daemon [_thread_blocked, id=32704, stack(0x000000b0eff00000,0x000000b0f0000000)]
  0x0000028fde026180 JavaThread "Finalizer" daemon [_thread_blocked, id=12348, stack(0x000000b0f0000000,0x000000b0f0100000)]
  0x0000028fde060130 JavaThread "Signal Dispatcher" daemon [_thread_blocked, id=23724, stack(0x000000b0f0100000,0x000000b0f0200000)]
  0x0000028fde062a10 JavaThread "Attach Listener" daemon [_thread_blocked, id=36340, stack(0x000000b0f0200000,0x000000b0f0300000)]
  0x0000028fde0632e0 JavaThread "Service Thread" daemon [_thread_blocked, id=13880, stack(0x000000b0f0300000,0x000000b0f0400000)]
  0x0000028fde065bc0 JavaThread "Monitor Deflation Thread" daemon [_thread_blocked, id=12444, stack(0x000000b0f0400000,0x000000b0f0500000)]
  0x0000028fde066540 JavaThread "C1 CompilerThread0" daemon [_thread_blocked, id=26892, stack(0x000000b0f0500000,0x000000b0f0600000)]
  0x0000028fde066e50 JavaThread "Sweeper thread" daemon [_thread_blocked, id=36356, stack(0x000000b0f0600000,0x000000b0f0700000)]
  0x0000028fde2c14a0 JavaThread "Notification Thread" daemon [_thread_blocked, id=8024, stack(0x000000b0f0900000,0x000000b0f0a00000)]
  0x0000028fde2edbc0 JavaThread "Common-Cleaner" daemon [_thread_blocked, id=35240, stack(0x000000b0f0b00000,0x000000b0f0c00000)]
  0x0000028fdf918090 JavaThread "boundedElastic-evictor-1" daemon [_thread_blocked, id=14668, stack(0x000000b0f0f00000,0x000000b0f1000000)]
  0x0000028fdf7a8210 JavaThread "pool-13-thread-1" [_thread_blocked, id=1524, stack(0x000000b0f1100000,0x000000b0f1200000)]
  0x0000028fdf7b8060 JavaThread "LanguageServerApp-lifecycle" [_thread_blocked, id=29300, stack(0x000000b0f1200000,0x000000b0f1300000)]
  0x0000028fceff1c90 JavaThread "DestroyJavaVM" [_thread_blocked, id=20352, stack(0x000000b0ef800000,0x000000b0ef900000)]
  0x0000028fdeb3f370 JavaThread "pool-14-thread-1" [_thread_in_native, id=30004, stack(0x000000b0f1600000,0x000000b0f1700000)]
  0x0000028fdf9cf500 JavaThread "Simple-Language-Server main thread" daemon [_thread_blocked, id=20080, stack(0x000000b0f1700000,0x000000b0f1800000)]
  0x0000028fdea53e90 JavaThread "parallel-1" daemon [_thread_blocked, id=12792, stack(0x000000b0f1a00000,0x000000b0f1b00000)]
  0x0000028fdea52f60 JavaThread "pool-6-thread-1" [_thread_blocked, id=26416, stack(0x000000b0f1b00000,0x000000b0f1c00000)]
  0x0000028fdea53980 JavaThread "parallel-2" daemon [_thread_blocked, id=36268, stack(0x000000b0f1c00000,0x000000b0f1d00000)]
  0x0000028fdea548b0 JavaThread "parallel-3" daemon [_thread_blocked, id=23732, stack(0x000000b0f1d00000,0x000000b0f1e00000)]
  0x0000028fdfa89670 JavaThread "parallel-4" daemon [_thread_blocked, id=27860, stack(0x000000b0f2600000,0x000000b0f2700000)]
  0x0000028fdfa8a5a0 JavaThread "Reconciler-1" daemon [_thread_blocked, id=35964, stack(0x000000b0f2700000,0x000000b0f2800000)]
  0x0000028fdfa87d20 JavaThread "pool-8-thread-1" [_thread_blocked, id=38764, stack(0x000000b0f0700000,0x000000b0f0800000)]
  0x0000028fdfa8afc0 JavaThread "parallel-5" daemon [_thread_blocked, id=21000, stack(0x000000b0f1800000,0x000000b0f1900000)]
  0x0000028fdfa89b80 JavaThread "parallel-6" daemon [_thread_blocked, id=7808, stack(0x000000b0f1900000,0x000000b0f1a00000)]
  0x0000028fdea557e0 JavaThread "parallel-7" daemon [_thread_blocked, id=24656, stack(0x000000b0f1e00000,0x000000b0f1f00000)]
  0x0000028fdea52540 JavaThread "parallel-8" daemon [_thread_blocked, id=25088, stack(0x000000b0f2900000,0x000000b0f2a00000)]
  0x0000028fdfa8aab0 JavaThread "pool-9-thread-1" [_thread_blocked, id=30340, stack(0x000000b0f2000000,0x000000b0f2100000)]
  0x0000028fdfa88c50 JavaThread "pool-9-thread-2" [_thread_blocked, id=30528, stack(0x000000b0f2300000,0x000000b0f2400000)]
  0x0000028fe075dbb0 JavaThread "pool-9-thread-3" [_thread_blocked, id=29340, stack(0x000000b0f2400000,0x000000b0f2500000)]
  0x0000028fe075cc80 JavaThread "pool-9-thread-4" [_thread_blocked, id=28372, stack(0x000000b0f2500000,0x000000b0f2600000)]
  0x0000028fe075eae0 JavaThread "pool-7-thread-1" [_thread_blocked, id=37168, stack(0x000000b0f2800000,0x000000b0f2900000)]
  0x0000028fe075bd50 JavaThread "RMI Scheduler(0)" daemon [_thread_blocked, id=35232, stack(0x000000b0f2c00000,0x000000b0f2d00000)]
  0x0000028fe075c260 JavaThread "pool-7-thread-2" [_thread_blocked, id=17568, stack(0x000000b0f2e00000,0x000000b0f2f00000)]
  0x0000028fe075b330 JavaThread "pool-7-thread-3" [_thread_blocked, id=13604, stack(0x000000b0f2f00000,0x000000b0f3000000)]
  0x0000028fe075c770 JavaThread "pool-7-thread-4" [_thread_blocked, id=39672, stack(0x000000b0f3000000,0x000000b0f3100000)]
  0x0000028fe075d190 JavaThread "pool-7-thread-5" [_thread_blocked, id=11476, stack(0x000000b0f3100000,0x000000b0f3200000)]
  0x0000028fe075d6a0 JavaThread "pool-9-thread-5" [_thread_blocked, id=18076, stack(0x000000b0f2200000,0x000000b0f2300000)]
  0x0000028fdfa8b4d0 JavaThread "pool-7-thread-6" [_thread_blocked, id=13924, stack(0x000000b0f2b00000,0x000000b0f2c00000)]
  0x0000028fe0b75bc0 JavaThread "pool-7-thread-7" [_thread_blocked, id=26816, stack(0x000000b0f3500000,0x000000b0f3600000)]
  0x0000028fe0b7bbf0 JavaThread "pool-7-thread-8" [_thread_blocked, id=38540, stack(0x000000b0f3600000,0x000000b0f3700000)]
  0x0000028fe0b77510 JavaThread "pool-7-thread-9" [_thread_blocked, id=21924, stack(0x000000b0f3400000,0x000000b0f3500000)]
  0x0000028fe0b77a20 JavaThread "pool-9-thread-6" [_thread_blocked, id=31376, stack(0x000000b0f2a00000,0x000000b0f2b00000)]
  0x0000028fe0b77f30 JavaThread "pool-7-thread-10" [_thread_blocked, id=7188, stack(0x000000b0f3200000,0x000000b0f3300000)]
  0x0000028fe0b7cb20 JavaThread "RMI RenewClean-[localhost:57082]" daemon [_thread_blocked, id=28072, stack(0x000000b0f3300000,0x000000b0f3400000)]
  0x0000028fe0b7c100 JavaThread "RMI GC Daemon" daemon [_thread_blocked, id=21164, stack(0x000000b0f3700000,0x000000b0f3800000)]
  0x0000028fe0b79370 JavaThread "JMX client heartbeat 4" daemon [_thread_blocked, id=37744, stack(0x000000b0f3800000,0x000000b0f3900000)]

Other Threads:
=>0x0000028fd9e4bef0 VMThread "VM Thread" [stack: 0x000000b0efe00000,0x000000b0eff00000] [id=27816]
  0x0000028fd9dfe010 WatcherThread [stack: 0x000000b0f0a00000,0x000000b0f0b00000] [id=38776]
  0x0000028fcf030ea0 GCTaskThread "GC Thread#0" [stack: 0x000000b0ef900000,0x000000b0efa00000] [id=21928]
  0x0000028fde18d990 GCTaskThread "GC Thread#1" [stack: 0x000000b0f0800000,0x000000b0f0900000] [id=18172]
  0x0000028fde18dc50 GCTaskThread "GC Thread#2" [stack: 0x000000b0f0c00000,0x000000b0f0d00000] [id=16452]
  0x0000028fde687390 GCTaskThread "GC Thread#3" [stack: 0x000000b0f0d00000,0x000000b0f0e00000] [id=19776]
  0x0000028fde687650 GCTaskThread "GC Thread#4" [stack: 0x000000b0f0e00000,0x000000b0f0f00000] [id=37300]
  0x0000028fdf123890 GCTaskThread "GC Thread#5" [stack: 0x000000b0f1000000,0x000000b0f1100000] [id=17148]
  0x0000028fdf392060 GCTaskThread "GC Thread#6" [stack: 0x000000b0f1300000,0x000000b0f1400000] [id=31796]
  0x0000028fdf392320 GCTaskThread "GC Thread#7" [stack: 0x000000b0f1400000,0x000000b0f1500000] [id=19540]
  0x0000028fcf039c00 ConcurrentGCThread "G1 Main Marker" [stack: 0x000000b0efa00000,0x000000b0efb00000] [id=21376]
  0x0000028fcf03a430 ConcurrentGCThread "G1 Conc#0" [stack: 0x000000b0efb00000,0x000000b0efc00000] [id=24056]
  0x0000028fdf3925e0 ConcurrentGCThread "G1 Conc#1" [stack: 0x000000b0f1500000,0x000000b0f1600000] [id=1516]
  0x0000028fcf08e440 ConcurrentGCThread "G1 Refine#0" [stack: 0x000000b0efc00000,0x000000b0efd00000] [id=32764]
  0x0000028fcf08ec80 ConcurrentGCThread "G1 Service" [stack: 0x000000b0efd00000,0x000000b0efe00000] [id=27008]

Threads with active compile tasks:

VM state: at safepoint (normal execution)

VM Mutex/Monitor currently owned by a thread:  ([mutex/lock_event])
[0x0000028fcce62c00] Threads_lock - owner thread: 0x0000028fd9e4bef0
[0x0000028fcce63740] Heap_lock - owner thread: 0x0000028fdf7a8210

Heap address: 0x00000000c0000000, size: 1024 MB, Compressed Oops mode: 32-bit

CDS archive(s) not mapped
Compressed class space mapped at: 0x0000000100000000-0x0000000140000000, reserved size: 1073741824
Narrow klass base: 0x0000000000000000, Narrow klass shift: 3, Narrow klass range: 0x140000000

GC Precious Log:
 CPUs: 8 total, 8 available
 Memory: 15761M
 Large Page Support: Disabled
 NUMA Support: Disabled
 Compressed Oops: Enabled (32-bit)
 Heap Region Size: 1M
 Heap Min Capacity: 8M
 Heap Initial Capacity: 248M
 Heap Max Capacity: 1G
 Pre-touch: Disabled
 Parallel Workers: 8
 Concurrent Workers: 2
 Concurrent Refinement Workers: 8
 Periodic GC: Disabled

Heap:
 garbage-first heap   total 97280K, used 32321K [0x00000000c0000000, 0x0000000100000000)
  region size 1024K, 1 young (1024K), 0 survivors (0K)
 Metaspace       used 61684K, committed 62272K, reserved 1114112K
  class space    used 7768K, committed 8000K, reserved 1048576K

Heap Regions: E=young(eden), S=young(survivor), O=old, HS=humongous(starts), HC=humongous(continues), CS=collection set, F=free, OA=open archive, CA=closed archive, TAMS=top-at-mark-start (previous, next)
|   0|0x00000000c0000000, 0x00000000c0100000, 0x00000000c0100000|100%|HS|  |TAMS 0x00000000c0100000, 0x00000000c0000000| Untracked 
|   1|0x00000000c0100000, 0x00000000c0200000, 0x00000000c0200000|100%|HC|  |TAMS 0x00000000c0200000, 0x00000000c0100000| Untracked 
|   2|0x00000000c0200000, 0x00000000c0300000, 0x00000000c0300000|100%|HC|  |TAMS 0x00000000c0300000, 0x00000000c0200000| Untracked 
|   3|0x00000000c0300000, 0x00000000c0400000, 0x00000000c0400000|100%|HC|  |TAMS 0x00000000c0400000, 0x00000000c0300000| Untracked 
|   4|0x00000000c0400000, 0x00000000c0500000, 0x00000000c0500000|100%|HS|  |TAMS 0x00000000c0500000, 0x00000000c0400000| Untracked 
|   5|0x00000000c0500000, 0x00000000c0600000, 0x00000000c0600000|100%|HC|  |TAMS 0x00000000c0600000, 0x00000000c0500000| Untracked 
|   6|0x00000000c0600000, 0x00000000c0700000, 0x00000000c0700000|100%| O|  |TAMS 0x00000000c0700000, 0x00000000c0600000| Untracked 
|   7|0x00000000c0700000, 0x00000000c07ffbd0, 0x00000000c0800000| 99%| O|  |TAMS 0x00000000c07ffbd0, 0x00000000c0700000| Untracked 
|   8|0x00000000c0800000, 0x00000000c08fffb8, 0x00000000c0900000| 99%| O|  |TAMS 0x00000000c08fffb8, 0x00000000c0800000| Untracked 
|   9|0x00000000c0900000, 0x00000000c0a00000, 0x00000000c0a00000|100%| O|  |TAMS 0x00000000c0a00000, 0x00000000c0900000| Untracked 
|  10|0x00000000c0a00000, 0x00000000c0b00000, 0x00000000c0b00000|100%| O|  |TAMS 0x00000000c0b00000, 0x00000000c0a00000| Untracked 
|  11|0x00000000c0b00000, 0x00000000c0c00000, 0x00000000c0c00000|100%| O|  |TAMS 0x00000000c0c00000, 0x00000000c0b00000| Untracked 
|  12|0x00000000c0c00000, 0x00000000c0cffff0, 0x00000000c0d00000| 99%| O|  |TAMS 0x00000000c0cffff0, 0x00000000c0c00000| Untracked 
|  13|0x00000000c0d00000, 0x00000000c0e00000, 0x00000000c0e00000|100%| O|  |TAMS 0x00000000c0e00000, 0x00000000c0d00000| Untracked 
|  14|0x00000000c0e00000, 0x00000000c0f00000, 0x00000000c0f00000|100%| O|  |TAMS 0x00000000c0f00000, 0x00000000c0e00000| Untracked 
|  15|0x00000000c0f00000, 0x00000000c1000000, 0x00000000c1000000|100%| O|  |TAMS 0x00000000c1000000, 0x00000000c0f00000| Untracked 
|  16|0x00000000c1000000, 0x00000000c10fffd8, 0x00000000c1100000| 99%| O|  |TAMS 0x00000000c10fffd8, 0x00000000c1000000| Untracked 
|  17|0x00000000c1100000, 0x00000000c11fffe8, 0x00000000c1200000| 99%| O|  |TAMS 0x00000000c11fffe8, 0x00000000c1100000| Untracked 
|  18|0x00000000c1200000, 0x00000000c12ffff0, 0x00000000c1300000| 99%| O|  |TAMS 0x00000000c12ffff0, 0x00000000c1200000| Untracked 
|  19|0x00000000c1300000, 0x00000000c13fffc0, 0x00000000c1400000| 99%| O|  |TAMS 0x00000000c13fffc0, 0x00000000c1300000| Untracked 
|  20|0x00000000c1400000, 0x00000000c14ffff0, 0x00000000c1500000| 99%| O|  |TAMS 0x00000000c14ffff0, 0x00000000c1400000| Untracked 
|  21|0x00000000c1500000, 0x00000000c15ffff8, 0x00000000c1600000| 99%| O|  |TAMS 0x00000000c15ffff8, 0x00000000c1500000| Untracked 
|  22|0x00000000c1600000, 0x00000000c16fdd60, 0x00000000c1700000| 99%| O|  |TAMS 0x00000000c16fdd60, 0x00000000c1600000| Untracked 
|  23|0x00000000c1700000, 0x00000000c17ffff8, 0x00000000c1800000| 99%| O|  |TAMS 0x00000000c17ffff8, 0x00000000c1700000| Untracked 
|  24|0x00000000c1800000, 0x00000000c18f65c8, 0x00000000c1900000| 96%| O|  |TAMS 0x00000000c18f65c8, 0x00000000c1800000| Untracked 
|  25|0x00000000c1900000, 0x00000000c19fffe8, 0x00000000c1a00000| 99%| O|  |TAMS 0x00000000c19fffe8, 0x00000000c1900000| Untracked 
|  26|0x00000000c1a00000, 0x00000000c1afffd8, 0x00000000c1b00000| 99%| O|  |TAMS 0x00000000c1afffd8, 0x00000000c1a00000| Untracked 
|  27|0x00000000c1b00000, 0x00000000c1bffff0, 0x00000000c1c00000| 99%| O|  |TAMS 0x00000000c1bffff0, 0x00000000c1b00000| Untracked 
|  28|0x00000000c1c00000, 0x00000000c1d00000, 0x00000000c1d00000|100%| O|  |TAMS 0x00000000c1d00000, 0x00000000c1c00000| Untracked 
|  29|0x00000000c1d00000, 0x00000000c1dfffa8, 0x00000000c1e00000| 99%| O|  |TAMS 0x00000000c1dfffa8, 0x00000000c1d00000| Untracked 
|  30|0x00000000c1e00000, 0x00000000c1e9c1d8, 0x00000000c1f00000| 60%| O|  |TAMS 0x00000000c1e00000, 0x00000000c1e00000| Untracked 
|  31|0x00000000c1f00000, 0x00000000c1f00620, 0x00000000c2000000|  0%| O|  |TAMS 0x00000000c1f00000, 0x00000000c1f00000| Untracked 
|  32|0x00000000c2000000, 0x00000000c2000000, 0x00000000c2100000|  0%| F|  |TAMS 0x00000000c2000000, 0x00000000c2000000| Untracked 
|  33|0x00000000c2100000, 0x00000000c2200000, 0x00000000c2200000|100%| O|  |TAMS 0x00000000c2200000, 0x00000000c2100000| Untracked 
|  34|0x00000000c2200000, 0x00000000c2200000, 0x00000000c2300000|  0%| F|  |TAMS 0x00000000c2200000, 0x00000000c2200000| Untracked 
|  35|0x00000000c2300000, 0x00000000c2300000, 0x00000000c2400000|  0%| F|  |TAMS 0x00000000c2300000, 0x00000000c2300000| Untracked 
|  36|0x00000000c2400000, 0x00000000c2400000, 0x00000000c2500000|  0%| F|  |TAMS 0x00000000c2400000, 0x00000000c2400000| Untracked 
|  37|0x00000000c2500000, 0x00000000c2500000, 0x00000000c2600000|  0%| F|  |TAMS 0x00000000c2500000, 0x00000000c2500000| Untracked 
|  38|0x00000000c2600000, 0x00000000c2600000, 0x00000000c2700000|  0%| F|  |TAMS 0x00000000c2600000, 0x00000000c2600000| Untracked 
|  39|0x00000000c2700000, 0x00000000c2700000, 0x00000000c2800000|  0%| F|  |TAMS 0x00000000c2700000, 0x00000000c2700000| Untracked 
|  40|0x00000000c2800000, 0x00000000c2800000, 0x00000000c2900000|  0%| F|  |TAMS 0x00000000c2800000, 0x00000000c2800000| Untracked 
|  41|0x00000000c2900000, 0x00000000c2900000, 0x00000000c2a00000|  0%| F|  |TAMS 0x00000000c2900000, 0x00000000c2900000| Untracked 
|  42|0x00000000c2a00000, 0x00000000c2a00000, 0x00000000c2b00000|  0%| F|  |TAMS 0x00000000c2a00000, 0x00000000c2a00000| Untracked 
|  43|0x00000000c2b00000, 0x00000000c2b00000, 0x00000000c2c00000|  0%| F|  |TAMS 0x00000000c2b00000, 0x00000000c2b00000| Untracked 
|  44|0x00000000c2c00000, 0x00000000c2c00000, 0x00000000c2d00000|  0%| F|  |TAMS 0x00000000c2c00000, 0x00000000c2c00000| Untracked 
|  45|0x00000000c2d00000, 0x00000000c2d00000, 0x00000000c2e00000|  0%| F|  |TAMS 0x00000000c2d00000, 0x00000000c2d00000| Untracked 
|  46|0x00000000c2e00000, 0x00000000c2e00000, 0x00000000c2f00000|  0%| F|  |TAMS 0x00000000c2e00000, 0x00000000c2e00000| Untracked 
|  47|0x00000000c2f00000, 0x00000000c2f00000, 0x00000000c3000000|  0%| F|  |TAMS 0x00000000c2f00000, 0x00000000c2f00000| Untracked 
|  48|0x00000000c3000000, 0x00000000c3000000, 0x00000000c3100000|  0%| F|  |TAMS 0x00000000c3000000, 0x00000000c3000000| Untracked 
|  49|0x00000000c3100000, 0x00000000c3100000, 0x00000000c3200000|  0%| F|  |TAMS 0x00000000c3100000, 0x00000000c3100000| Untracked 
|  50|0x00000000c3200000, 0x00000000c3200000, 0x00000000c3300000|  0%| F|  |TAMS 0x00000000c3200000, 0x00000000c3200000| Untracked 
|  51|0x00000000c3300000, 0x00000000c3300000, 0x00000000c3400000|  0%| F|  |TAMS 0x00000000c3300000, 0x00000000c3300000| Untracked 
|  52|0x00000000c3400000, 0x00000000c3400000, 0x00000000c3500000|  0%| F|  |TAMS 0x00000000c3400000, 0x00000000c3400000| Untracked 
|  53|0x00000000c3500000, 0x00000000c3500000, 0x00000000c3600000|  0%| F|  |TAMS 0x00000000c3500000, 0x00000000c3500000| Untracked 
|  54|0x00000000c3600000, 0x00000000c3600000, 0x00000000c3700000|  0%| F|  |TAMS 0x00000000c3600000, 0x00000000c3600000| Untracked 
|  55|0x00000000c3700000, 0x00000000c3700000, 0x00000000c3800000|  0%| F|  |TAMS 0x00000000c3700000, 0x00000000c3700000| Untracked 
|  56|0x00000000c3800000, 0x00000000c3800000, 0x00000000c3900000|  0%| F|  |TAMS 0x00000000c3800000, 0x00000000c3800000| Untracked 
|  57|0x00000000c3900000, 0x00000000c3900000, 0x00000000c3a00000|  0%| F|  |TAMS 0x00000000c3900000, 0x00000000c3900000| Untracked 
|  58|0x00000000c3a00000, 0x00000000c3a00000, 0x00000000c3b00000|  0%| F|  |TAMS 0x00000000c3a00000, 0x00000000c3a00000| Untracked 
|  59|0x00000000c3b00000, 0x00000000c3b00000, 0x00000000c3c00000|  0%| F|  |TAMS 0x00000000c3b00000, 0x00000000c3b00000| Untracked 
|  60|0x00000000c3c00000, 0x00000000c3c00000, 0x00000000c3d00000|  0%| F|  |TAMS 0x00000000c3c00000, 0x00000000c3c00000| Untracked 
|  61|0x00000000c3d00000, 0x00000000c3d00000, 0x00000000c3e00000|  0%| F|  |TAMS 0x00000000c3d00000, 0x00000000c3d00000| Untracked 
|  62|0x00000000c3e00000, 0x00000000c3e00000, 0x00000000c3f00000|  0%| F|  |TAMS 0x00000000c3e00000, 0x00000000c3e00000| Untracked 
|  63|0x00000000c3f00000, 0x00000000c3f00000, 0x00000000c4000000|  0%| F|  |TAMS 0x00000000c3f00000, 0x00000000c3f00000| Untracked 
|  64|0x00000000c4000000, 0x00000000c4000000, 0x00000000c4100000|  0%| F|  |TAMS 0x00000000c4000000, 0x00000000c4000000| Untracked 
|  65|0x00000000c4100000, 0x00000000c4100000, 0x00000000c4200000|  0%| F|  |TAMS 0x00000000c4100000, 0x00000000c4100000| Untracked 
|  66|0x00000000c4200000, 0x00000000c4200000, 0x00000000c4300000|  0%| F|  |TAMS 0x00000000c4200000, 0x00000000c4200000| Untracked 
|  67|0x00000000c4300000, 0x00000000c4300000, 0x00000000c4400000|  0%| F|  |TAMS 0x00000000c4300000, 0x00000000c4300000| Untracked 
|  68|0x00000000c4400000, 0x00000000c4400000, 0x00000000c4500000|  0%| F|  |TAMS 0x00000000c4400000, 0x00000000c4400000| Untracked 
|  69|0x00000000c4500000, 0x00000000c4500000, 0x00000000c4600000|  0%| F|  |TAMS 0x00000000c4500000, 0x00000000c4500000| Untracked 
|  70|0x00000000c4600000, 0x00000000c4600000, 0x00000000c4700000|  0%| F|  |TAMS 0x00000000c4600000, 0x00000000c4600000| Untracked 
|  71|0x00000000c4700000, 0x00000000c4700000, 0x00000000c4800000|  0%| F|  |TAMS 0x00000000c4700000, 0x00000000c4700000| Untracked 
|  72|0x00000000c4800000, 0x00000000c4800000, 0x00000000c4900000|  0%| F|  |TAMS 0x00000000c4800000, 0x00000000c4800000| Untracked 
|  73|0x00000000c4900000, 0x00000000c4900000, 0x00000000c4a00000|  0%| F|  |TAMS 0x00000000c4900000, 0x00000000c4900000| Untracked 
|  74|0x00000000c4a00000, 0x00000000c4a00000, 0x00000000c4b00000|  0%| F|  |TAMS 0x00000000c4a00000, 0x00000000c4a00000| Untracked 
|  75|0x00000000c4b00000, 0x00000000c4b00000, 0x00000000c4c00000|  0%| F|  |TAMS 0x00000000c4b00000, 0x00000000c4b00000| Untracked 
|  76|0x00000000c4c00000, 0x00000000c4c00000, 0x00000000c4d00000|  0%| F|  |TAMS 0x00000000c4c00000, 0x00000000c4c00000| Untracked 
|  77|0x00000000c4d00000, 0x00000000c4d00000, 0x00000000c4e00000|  0%| F|  |TAMS 0x00000000c4d00000, 0x00000000c4d00000| Untracked 
|  78|0x00000000c4e00000, 0x00000000c4e00000, 0x00000000c4f00000|  0%| F|  |TAMS 0x00000000c4e00000, 0x00000000c4e00000| Untracked 
|  79|0x00000000c4f00000, 0x00000000c4f00000, 0x00000000c5000000|  0%| F|  |TAMS 0x00000000c4f00000, 0x00000000c4f00000| Untracked 
|  80|0x00000000c5000000, 0x00000000c5000000, 0x00000000c5100000|  0%| F|  |TAMS 0x00000000c5000000, 0x00000000c5000000| Untracked 
|  81|0x00000000c5100000, 0x00000000c5100000, 0x00000000c5200000|  0%| F|  |TAMS 0x00000000c5100000, 0x00000000c5100000| Untracked 
|  82|0x00000000c5200000, 0x00000000c5200000, 0x00000000c5300000|  0%| F|  |TAMS 0x00000000c5200000, 0x00000000c5200000| Untracked 
|  83|0x00000000c5300000, 0x00000000c5300000, 0x00000000c5400000|  0%| F|  |TAMS 0x00000000c5300000, 0x00000000c5300000| Untracked 
|  84|0x00000000c5400000, 0x00000000c5400000, 0x00000000c5500000|  0%| F|  |TAMS 0x00000000c5400000, 0x00000000c5400000| Untracked 
|  85|0x00000000c5500000, 0x00000000c5500000, 0x00000000c5600000|  0%| F|  |TAMS 0x00000000c5500000, 0x00000000c5500000| Untracked 
|  86|0x00000000c5600000, 0x00000000c5600000, 0x00000000c5700000|  0%| F|  |TAMS 0x00000000c5600000, 0x00000000c5600000| Untracked 
|  87|0x00000000c5700000, 0x00000000c5700000, 0x00000000c5800000|  0%| F|  |TAMS 0x00000000c5700000, 0x00000000c5700000| Untracked 
| 209|0x00000000cd100000, 0x00000000cd100000, 0x00000000cd200000|  0%| F|  |TAMS 0x00000000cd100000, 0x00000000cd100000| Untracked 
| 210|0x00000000cd200000, 0x00000000cd200000, 0x00000000cd300000|  0%| F|  |TAMS 0x00000000cd200000, 0x00000000cd200000| Untracked 
| 211|0x00000000cd300000, 0x00000000cd300000, 0x00000000cd400000|  0%| F|  |TAMS 0x00000000cd300000, 0x00000000cd300000| Untracked 
| 212|0x00000000cd400000, 0x00000000cd400000, 0x00000000cd500000|  0%| F|  |TAMS 0x00000000cd400000, 0x00000000cd400000| Untracked 
| 213|0x00000000cd500000, 0x00000000cd500000, 0x00000000cd600000|  0%| F|  |TAMS 0x00000000cd500000, 0x00000000cd500000| Untracked 
| 246|0x00000000cf600000, 0x00000000cf600000, 0x00000000cf700000|  0%| F|  |TAMS 0x00000000cf600000, 0x00000000cf600000| Untracked 
| 247|0x00000000cf700000, 0x00000000cf714a60, 0x00000000cf800000|  8%| E|  |TAMS 0x00000000cf700000, 0x00000000cf700000| Complete 

Card table byte_map: [0x0000028fd4f80000,0x0000028fd5180000] _byte_map_base: 0x0000028fd4980000

Marking Bits (Prev, Next): (CMBitMap*) 0x0000028fcf0312d0, (CMBitMap*) 0x0000028fcf031310
 Prev Bits: [0x0000028fd5380000, 0x0000028fd6380000)
 Next Bits: [0x0000028fd6380000, 0x0000028fd7380000)

Polling page: 0x0000028fce790000

Metaspace:

Usage:
  Non-class:     52.65 MB used.
      Class:      7.59 MB used.
       Both:     60.24 MB used.

Virtual space:
  Non-class space:       64.00 MB reserved,      53.00 MB ( 83%) committed,  1 nodes.
      Class space:        1.00 GB reserved,       7.81 MB ( <1%) committed,  1 nodes.
             Both:        1.06 GB reserved,      60.81 MB (  6%) committed. 

Chunk freelists:
   Non-Class:  10.34 MB
       Class:  8.11 MB
        Both:  18.45 MB

MaxMetaspaceSize: unlimited
CompressedClassSpaceSize: 1.00 GB
Initial GC threshold: 21.00 MB
Current GC threshold: 101.19 MB
CDS: off
MetaspaceReclaimPolicy: balanced
 - commit_granule_bytes: 65536.
 - commit_granule_words: 8192.
 - virtual_space_node_default_size: 8388608.
 - enlarge_chunks_in_place: 1.
 - new_chunks_are_fully_committed: 0.
 - uncommit_free_chunks: 1.
 - use_allocation_guard: 0.
 - handle_deallocations: 1.


Internal statistics:

num_allocs_failed_limit: 6.
num_arena_births: 1520.
num_arena_deaths: 930.
num_vsnodes_births: 2.
num_vsnodes_deaths: 0.
num_space_committed: 974.
num_space_uncommitted: 1.
num_chunks_returned_to_freelist: 1271.
num_chunks_taken_from_freelist: 3949.
num_chunk_merges: 299.
num_chunk_splits: 2126.
num_chunks_enlarged: 1432.
num_inconsistent_stats: 0.

CodeCache: size=49152Kb used=23175Kb max_used=24635Kb free=25976Kb
 bounds [0x0000028fd1c70000, 0x0000028fd34a0000, 0x0000028fd4c70000]
 total_blobs=12739 nmethods=12057 adapters=607
 compilation: enabled
              stopped_count=0, restarted_count=0
 full_count=0

Compilation events (20 events):
Event: 15403.850 Thread 0x0000028fde066540 12202       1       java.io.ClassCache$1::computeValue (31 bytes)
Event: 15403.851 Thread 0x0000028fde066540 nmethod 12202 0x0000028fd3347f90 code [0x0000028fd3348160, 0x0000028fd3348538]
Event: 15403.851 Thread 0x0000028fde066540 12203       1       java.io.ClassCache$CacheRef::<init> (17 bytes)
Event: 15403.851 Thread 0x0000028fde066540 nmethod 12203 0x0000028fd3347b10 code [0x0000028fd3347ca0, 0x0000028fd3347ef8]
Event: 15703.848 Thread 0x0000028fde066540 12207       1       java.lang.ClassValue$ClassValueMap::removeStaleEntries (96 bytes)
Event: 15703.849 Thread 0x0000028fde066540 nmethod 12207 0x0000028fd3347310 code [0x0000028fd33474c0, 0x0000028fd3347878]
Event: 15703.849 Thread 0x0000028fde066540 12204  s    1       java.lang.ClassValue$ClassValueMap::removeEntry (49 bytes)
Event: 15703.849 Thread 0x0000028fde066540 nmethod 12204 0x0000028fd3346990 code [0x0000028fd3346b80, 0x0000028fd3347098]
Event: 15703.850 Thread 0x0000028fde066540 12205       1       java.lang.ClassValue::bumpVersion (13 bytes)
Event: 15703.850 Thread 0x0000028fde066540 nmethod 12205 0x0000028fd3346390 code [0x0000028fd3346540, 0x0000028fd3346888]
Event: 15703.850 Thread 0x0000028fde066540 12206       1       java.lang.ClassValue$ClassValueMap::removeStaleEntries (15 bytes)
Event: 15703.850 Thread 0x0000028fde066540 nmethod 12206 0x0000028fd3346010 code [0x0000028fd33461a0, 0x0000028fd3346288]
Event: 15703.850 Thread 0x0000028fde066540 12208       1       java.lang.ClassValue$ClassValueMap::findReplacement (177 bytes)
Event: 15703.851 Thread 0x0000028fde066540 nmethod 12208 0x0000028fd3345590 code [0x0000028fd3345760, 0x0000028fd3345cc8]
Event: 15703.851 Thread 0x0000028fde066540 12209       1       java.io.ObjectStreamField::getPrimitiveSignature (98 bytes)
Event: 15703.852 Thread 0x0000028fde066540 nmethod 12209 0x0000028fd3344f10 code [0x0000028fd3345100, 0x0000028fd3345488]
Event: 15703.854 Thread 0x0000028fde066540 12210       1       java.io.ObjectInputStream$FilterValues::depth (5 bytes)
Event: 15703.854 Thread 0x0000028fde066540 nmethod 12210 0x0000028fd3344c10 code [0x0000028fd3344da0, 0x0000028fd3344e78]
Event: 15703.854 Thread 0x0000028fde066540 12211       1       java.io.ObjectInputStream$FilterValues::serialClass (5 bytes)
Event: 15703.855 Thread 0x0000028fde066540 nmethod 12211 0x0000028fd3344910 code [0x0000028fd3344aa0, 0x0000028fd3344b78]

GC Heap History (20 events):
Event: 16029.791 GC heap before
{Heap before GC invocations=993 (full 780):
 garbage-first heap   total 97280K, used 32334K [0x00000000c0000000, 0x0000000100000000)
  region size 1024K, 1 young (1024K), 0 survivors (0K)
 Metaspace       used 61694K, committed 62272K, reserved 1114112K
  class space    used 7769K, committed 8000K, reserved 1048576K
}
Event: 16029.904 GC heap after
{Heap after GC invocations=994 (full 781):
 garbage-first heap   total 97280K, used 32334K [0x00000000c0000000, 0x0000000100000000)
  region size 1024K, 0 young (0K), 0 survivors (0K)
 Metaspace       used 61694K, committed 62272K, reserved 1114112K
  class space    used 7769K, committed 8000K, reserved 1048576K
}
Event: 16040.278 GC heap before
{Heap before GC invocations=994 (full 781):
 garbage-first heap   total 97280K, used 32334K [0x00000000c0000000, 0x0000000100000000)
  region size 1024K, 1 young (1024K), 0 survivors (0K)
 Metaspace       used 61694K, committed 62272K, reserved 1114112K
  class space    used 7769K, committed 8000K, reserved 1048576K
}
Event: 16040.370 GC heap after
{Heap after GC invocations=995 (full 782):
 garbage-first heap   total 97280K, used 32334K [0x00000000c0000000, 0x0000000100000000)
  region size 1024K, 0 young (0K), 0 survivors (0K)
 Metaspace       used 61694K, committed 62272K, reserved 1114112K
  class space    used 7769K, committed 8000K, reserved 1048576K
}
Event: 16050.759 GC heap before
{Heap before GC invocations=995 (full 782):
 garbage-first heap   total 97280K, used 32334K [0x00000000c0000000, 0x0000000100000000)
  region size 1024K, 1 young (1024K), 0 survivors (0K)
 Metaspace       used 61694K, committed 62272K, reserved 1114112K
  class space    used 7769K, committed 8000K, reserved 1048576K
}
Event: 16050.848 GC heap after
{Heap after GC invocations=996 (full 783):
 garbage-first heap   total 97280K, used 32334K [0x00000000c0000000, 0x0000000100000000)
  region size 1024K, 0 young (0K), 0 survivors (0K)
 Metaspace       used 61694K, committed 62272K, reserved 1114112K
  class space    used 7769K, committed 8000K, reserved 1048576K
}
Event: 16061.270 GC heap before
{Heap before GC invocations=996 (full 783):
 garbage-first heap   total 97280K, used 32334K [0x00000000c0000000, 0x0000000100000000)
  region size 1024K, 1 young (1024K), 0 survivors (0K)
 Metaspace       used 61694K, committed 62272K, reserved 1114112K
  class space    used 7769K, committed 8000K, reserved 1048576K
}
Event: 16061.366 GC heap after
{Heap after GC invocations=997 (full 784):
 garbage-first heap   total 97280K, used 32334K [0x00000000c0000000, 0x0000000100000000)
  region size 1024K, 0 young (0K), 0 survivors (0K)
 Metaspace       used 61694K, committed 62272K, reserved 1114112K
  class space    used 7769K, committed 8000K, reserved 1048576K
}
Event: 16071.738 GC heap before
{Heap before GC invocations=997 (full 784):
 garbage-first heap   total 97280K, used 32334K [0x00000000c0000000, 0x0000000100000000)
  region size 1024K, 1 young (1024K), 0 survivors (0K)
 Metaspace       used 61694K, committed 62272K, reserved 1114112K
  class space    used 7769K, committed 8000K, reserved 1048576K
}
Event: 16071.839 GC heap after
{Heap after GC invocations=998 (full 785):
 garbage-first heap   total 97280K, used 32334K [0x00000000c0000000, 0x0000000100000000)
  region size 1024K, 0 young (0K), 0 survivors (0K)
 Metaspace       used 61694K, committed 62272K, reserved 1114112K
  class space    used 7769K, committed 8000K, reserved 1048576K
}
Event: 16082.236 GC heap before
{Heap before GC invocations=998 (full 785):
 garbage-first heap   total 97280K, used 32334K [0x00000000c0000000, 0x0000000100000000)
  region size 1024K, 1 young (1024K), 0 survivors (0K)
 Metaspace       used 61694K, committed 62272K, reserved 1114112K
  class space    used 7769K, committed 8000K, reserved 1048576K
}
Event: 16082.336 GC heap after
{Heap after GC invocations=999 (full 786):
 garbage-first heap   total 97280K, used 32321K [0x00000000c0000000, 0x0000000100000000)
  region size 1024K, 0 young (0K), 0 survivors (0K)
 Metaspace       used 61684K, committed 62272K, reserved 1114112K
  class space    used 7768K, committed 8000K, reserved 1048576K
}
Event: 16092.718 GC heap before
{Heap before GC invocations=999 (full 786):
 garbage-first heap   total 97280K, used 32321K [0x00000000c0000000, 0x0000000100000000)
  region size 1024K, 1 young (1024K), 0 survivors (0K)
 Metaspace       used 61684K, committed 62272K, reserved 1114112K
  class space    used 7768K, committed 8000K, reserved 1048576K
}
Event: 16092.808 GC heap after
{Heap after GC invocations=1000 (full 787):
 garbage-first heap   total 97280K, used 32321K [0x00000000c0000000, 0x0000000100000000)
  region size 1024K, 0 young (0K), 0 survivors (0K)
 Metaspace       used 61684K, committed 62272K, reserved 1114112K
  class space    used 7768K, committed 8000K, reserved 1048576K
}
Event: 16103.161 GC heap before
{Heap before GC invocations=1000 (full 787):
 garbage-first heap   total 97280K, used 32321K [0x00000000c0000000, 0x0000000100000000)
  region size 1024K, 1 young (1024K), 0 survivors (0K)
 Metaspace       used 61684K, committed 62272K, reserved 1114112K
  class space    used 7768K, committed 8000K, reserved 1048576K
}
Event: 16103.265 GC heap after
{Heap after GC invocations=1001 (full 788):
 garbage-first heap   total 97280K, used 32321K [0x00000000c0000000, 0x0000000100000000)
  region size 1024K, 0 young (0K), 0 survivors (0K)
 Metaspace       used 61684K, committed 62272K, reserved 1114112K
  class space    used 7768K, committed 8000K, reserved 1048576K
}
Event: 16113.662 GC heap before
{Heap before GC invocations=1001 (full 788):
 garbage-first heap   total 97280K, used 32321K [0x00000000c0000000, 0x0000000100000000)
  region size 1024K, 1 young (1024K), 0 survivors (0K)
 Metaspace       used 61684K, committed 62272K, reserved 1114112K
  class space    used 7768K, committed 8000K, reserved 1048576K
}
Event: 16113.757 GC heap after
{Heap after GC invocations=1002 (full 789):
 garbage-first heap   total 97280K, used 32321K [0x00000000c0000000, 0x0000000100000000)
  region size 1024K, 0 young (0K), 0 survivors (0K)
 Metaspace       used 61684K, committed 62272K, reserved 1114112K
  class space    used 7768K, committed 8000K, reserved 1048576K
}
Event: 16124.501 GC heap before
{Heap before GC invocations=1002 (full 789):
 garbage-first heap   total 97280K, used 32321K [0x00000000c0000000, 0x0000000100000000)
  region size 1024K, 1 young (1024K), 0 survivors (0K)
 Metaspace       used 61684K, committed 62272K, reserved 1114112K
  class space    used 7768K, committed 8000K, reserved 1048576K
}
Event: 16124.572 GC heap after
{Heap after GC invocations=1003 (full 790):
 garbage-first heap   total 97280K, used 32321K [0x00000000c0000000, 0x0000000100000000)
  region size 1024K, 0 young (0K), 0 survivors (0K)
 Metaspace       used 61684K, committed 62272K, reserved 1114112K
  class space    used 7768K, committed 8000K, reserved 1048576K
}

Dll operation events (12 events):
Event: 0.147 Loaded shared library c:\Users\Administrador\.vscode\extensions\redhat.java-1.28.1-win32-x64\jre\17.0.10-win32-x86_64\bin\java.dll
Event: 2.216 Loaded shared library C:\Users\Administrador\.vscode\extensions\redhat.java-1.28.1-win32-x64\jre\17.0.10-win32-x86_64\bin\net.dll
Event: 2.230 Loaded shared library C:\Users\Administrador\.vscode\extensions\redhat.java-1.28.1-win32-x64\jre\17.0.10-win32-x86_64\bin\nio.dll
Event: 3.670 Loaded shared library C:\Users\Administrador\.vscode\extensions\redhat.java-1.28.1-win32-x64\jre\17.0.10-win32-x86_64\bin\zip.dll
Event: 28.179 Loaded shared library C:\Users\Administrador\.vscode\extensions\redhat.java-1.28.1-win32-x64\jre\17.0.10-win32-x86_64\bin\jimage.dll
Event: 33.669 Loaded shared library c:\Users\Administrador\.vscode\extensions\redhat.java-1.28.1-win32-x64\jre\17.0.10-win32-x86_64\bin\verify.dll
Event: 44.702 Loaded shared library C:\Users\Administrador\.vscode\extensions\redhat.java-1.28.1-win32-x64\jre\17.0.10-win32-x86_64\bin\management.dll
Event: 44.710 Loaded shared library C:\Users\Administrador\.vscode\extensions\redhat.java-1.28.1-win32-x64\jre\17.0.10-win32-x86_64\bin\management_ext.dll
Event: 47.546 Loaded shared library C:\Users\Administrador\.vscode\extensions\redhat.java-1.28.1-win32-x64\jre\17.0.10-win32-x86_64\bin\sunmscapi.dll
Event: 48.161 Loaded shared library C:\Users\Administrador\.vscode\extensions\redhat.java-1.28.1-win32-x64\jre\17.0.10-win32-x86_64\bin\extnet.dll
Event: 5850.100 Loaded shared library C:\Users\Administrador\.vscode\extensions\redhat.java-1.28.1-win32-x64\jre\17.0.10-win32-x86_64\bin\attach.dll
Event: 5850.563 Loaded shared library C:\Users\Administrador\.vscode\extensions\redhat.java-1.28.1-win32-x64\jre\17.0.10-win32-x86_64\bin\rmi.dll

Deoptimization events (18 events):
Event: 46.008 Thread 0x0000028fdeb3f370 DEOPT PACKING pc=0x0000028fd2234581 sp=0x000000b0f16fdfd0
Event: 46.008 Thread 0x0000028fdeb3f370 DEOPT UNPACKING pc=0x0000028fd1ccace3 sp=0x000000b0f16fd460 mode 3
Event: 46.104 Thread 0x0000028fdf9cf500 DEOPT PACKING pc=0x0000028fd2211f17 sp=0x000000b0f17fec90
Event: 46.104 Thread 0x0000028fdf9cf500 DEOPT UNPACKING pc=0x0000028fd1ccace3 sp=0x000000b0f17fe0e8 mode 3
Event: 47.732 Thread 0x0000028fdfa8afc0 DEOPT PACKING pc=0x0000028fd1e7540c sp=0x000000b0f28fadb0
Event: 47.732 Thread 0x0000028fdfa8afc0 DEOPT UNPACKING pc=0x0000028fd1ccace3 sp=0x000000b0f28fa278 mode 0
Event: 61.354 Thread 0x0000028fdea543a0 DEOPT PACKING pc=0x0000028fd23cfa24 sp=0x000000b0f1eff230
Event: 61.354 Thread 0x0000028fdea543a0 DEOPT UNPACKING pc=0x0000028fd1ccace3 sp=0x000000b0f1efe718 mode 0
Event: 61.363 Thread 0x0000028fdea52030 DEOPT PACKING pc=0x0000028fd23cfa24 sp=0x000000b0f24fee70
Event: 61.363 Thread 0x0000028fdea52030 DEOPT UNPACKING pc=0x0000028fd1ccace3 sp=0x000000b0f24fe358 mode 0
Event: 105.360 Thread 0x0000028fdeb3f370 DEOPT PACKING pc=0x0000028fd23086d4 sp=0x000000b0f16ff2d0
Event: 105.360 Thread 0x0000028fdeb3f370 DEOPT UNPACKING pc=0x0000028fd1ccace3 sp=0x000000b0f16fe778 mode 0
Event: 3345.983 Thread 0x0000028fdfa8b4d0 DEOPT PACKING pc=0x0000028fd298bacc sp=0x000000b0ef7fe980
Event: 3345.983 Thread 0x0000028fdfa8b4d0 DEOPT UNPACKING pc=0x0000028fd1ccace3 sp=0x000000b0ef7fdf80 mode 0
Event: 3376.802 Thread 0x0000028fdfa8b4d0 DEOPT PACKING pc=0x0000028fd27de226 sp=0x000000b0ef7fe1b0
Event: 3376.802 Thread 0x0000028fdfa8b4d0 DEOPT UNPACKING pc=0x0000028fd1ccace3 sp=0x000000b0ef7fd738 mode 0
Event: 7513.885 Thread 0x0000028fe0b7c610 DEOPT PACKING pc=0x0000028fd3147a2c sp=0x000000b0ef7fdf10
Event: 7513.885 Thread 0x0000028fe0b7c610 DEOPT UNPACKING pc=0x0000028fd1ccace3 sp=0x000000b0ef7fd480 mode 0

Classes unloaded (20 events):
Event: 14287.044 Thread 0x0000028fd9e4bef0 Unloading class 0x0000000100558000 'jdk/internal/reflect/GeneratedSerializationConstructorAccessor99'
Event: 14287.044 Thread 0x0000028fd9e4bef0 Unloading class 0x0000000100789400 'jdk/internal/reflect/GeneratedSerializationConstructorAccessor98'
Event: 14580.897 Thread 0x0000028fd9e4bef0 Unloading class 0x0000000100789400 'jdk/internal/reflect/GeneratedSerializationConstructorAccessor103'
Event: 14580.897 Thread 0x0000028fd9e4bef0 Unloading class 0x0000000100558000 'jdk/internal/reflect/GeneratedSerializationConstructorAccessor102'
Event: 14580.897 Thread 0x0000028fd9e4bef0 Unloading class 0x000000010008c000 'jdk/internal/reflect/GeneratedSerializationConstructorAccessor101'
Event: 14884.963 Thread 0x0000028fd9e4bef0 Unloading class 0x000000010008c000 'jdk/internal/reflect/GeneratedSerializationConstructorAccessor106'
Event: 14884.963 Thread 0x0000028fd9e4bef0 Unloading class 0x0000000100558000 'jdk/internal/reflect/GeneratedSerializationConstructorAccessor105'
Event: 14884.963 Thread 0x0000028fd9e4bef0 Unloading class 0x0000000100789400 'jdk/internal/reflect/GeneratedSerializationConstructorAccessor104'
Event: 15168.971 Thread 0x0000028fd9e4bef0 Unloading class 0x0000000100789400 'jdk/internal/reflect/GeneratedSerializationConstructorAccessor109'
Event: 15168.971 Thread 0x0000028fd9e4bef0 Unloading class 0x0000000100558000 'jdk/internal/reflect/GeneratedSerializationConstructorAccessor108'
Event: 15168.971 Thread 0x0000028fd9e4bef0 Unloading class 0x000000010008c000 'jdk/internal/reflect/GeneratedSerializationConstructorAccessor107'
Event: 15484.153 Thread 0x0000028fd9e4bef0 Unloading class 0x000000010008c000 'jdk/internal/reflect/GeneratedSerializationConstructorAccessor112'
Event: 15484.153 Thread 0x0000028fd9e4bef0 Unloading class 0x0000000100558000 'jdk/internal/reflect/GeneratedSerializationConstructorAccessor111'
Event: 15484.153 Thread 0x0000028fd9e4bef0 Unloading class 0x0000000100789400 'jdk/internal/reflect/GeneratedSerializationConstructorAccessor110'
Event: 15777.904 Thread 0x0000028fd9e4bef0 Unloading class 0x0000000100789400 'jdk/internal/reflect/GeneratedSerializationConstructorAccessor115'
Event: 15777.904 Thread 0x0000028fd9e4bef0 Unloading class 0x0000000100558000 'jdk/internal/reflect/GeneratedSerializationConstructorAccessor114'
Event: 15777.904 Thread 0x0000028fd9e4bef0 Unloading class 0x000000010008c000 'jdk/internal/reflect/GeneratedSerializationConstructorAccessor113'
Event: 16082.270 Thread 0x0000028fd9e4bef0 Unloading class 0x000000010008c000 'jdk/internal/reflect/GeneratedSerializationConstructorAccessor118'
Event: 16082.270 Thread 0x0000028fd9e4bef0 Unloading class 0x0000000100558000 'jdk/internal/reflect/GeneratedSerializationConstructorAccessor117'
Event: 16082.270 Thread 0x0000028fd9e4bef0 Unloading class 0x0000000100789400 'jdk/internal/reflect/GeneratedSerializationConstructorAccessor116'

Classes redefined (0 events):
No events

Internal exceptions (20 events):
Event: 13303.837 Thread 0x0000028fe0b7cb20 Exception <a 'java/lang/NoSuchMethodError'{0x00000000cf707870}: static [Ljava/rmi/server/ObjID;.<clinit>()V> (0x00000000cf707870) 
thrown [s\src\hotspot\share\prims\jni.cpp, line 1107]
Event: 13303.840 Thread 0x0000028fe0b7cb20 Exception <a 'java/lang/NoSuchMethodError'{0x00000000cf713458}: static [B.<clinit>()V> (0x00000000cf713458) 
thrown [s\src\hotspot\share\prims\jni.cpp, line 1107]
Event: 13603.837 Thread 0x0000028fe0b7cb20 Exception <a 'java/lang/NoSuchMethodError'{0x00000000cf70e0d0}: static [Ljava/rmi/server/ObjID;.<clinit>()V> (0x00000000cf70e0d0) 
thrown [s\src\hotspot\share\prims\jni.cpp, line 1107]
Event: 13603.840 Thread 0x0000028fe0b7cb20 Exception <a 'java/lang/NoSuchMethodError'{0x00000000cf719cb8}: static [B.<clinit>()V> (0x00000000cf719cb8) 
thrown [s\src\hotspot\share\prims\jni.cpp, line 1107]
Event: 13903.840 Thread 0x0000028fe0b7cb20 Exception <a 'java/lang/NoSuchMethodError'{0x00000000cf708d50}: static [Ljava/rmi/server/ObjID;.<clinit>()V> (0x00000000cf708d50) 
thrown [s\src\hotspot\share\prims\jni.cpp, line 1107]
Event: 13903.842 Thread 0x0000028fe0b7cb20 Exception <a 'java/lang/NoSuchMethodError'{0x00000000cf714938}: static [B.<clinit>()V> (0x00000000cf714938) 
thrown [s\src\hotspot\share\prims\jni.cpp, line 1107]
Event: 14203.841 Thread 0x0000028fe0b7cb20 Exception <a 'java/lang/NoSuchMethodError'{0x00000000cf7039d0}: static [Ljava/rmi/server/ObjID;.<clinit>()V> (0x00000000cf7039d0) 
thrown [s\src\hotspot\share\prims\jni.cpp, line 1107]
Event: 14203.843 Thread 0x0000028fe0b7cb20 Exception <a 'java/lang/NoSuchMethodError'{0x00000000cf70f5b8}: static [B.<clinit>()V> (0x00000000cf70f5b8) 
thrown [s\src\hotspot\share\prims\jni.cpp, line 1107]
Event: 14503.842 Thread 0x0000028fe0b7cb20 Exception <a 'java/lang/NoSuchMethodError'{0x00000000cf70b710}: static [Ljava/rmi/server/ObjID;.<clinit>()V> (0x00000000cf70b710) 
thrown [s\src\hotspot\share\prims\jni.cpp, line 1107]
Event: 14503.844 Thread 0x0000028fe0b7cb20 Exception <a 'java/lang/NoSuchMethodError'{0x00000000cf717340}: static [B.<clinit>()V> (0x00000000cf717340) 
thrown [s\src\hotspot\share\prims\jni.cpp, line 1107]
Event: 14803.844 Thread 0x0000028fe0b7cb20 Exception <a 'java/lang/NoSuchMethodError'{0x00000000cf706390}: static [Ljava/rmi/server/ObjID;.<clinit>()V> (0x00000000cf706390) 
thrown [s\src\hotspot\share\prims\jni.cpp, line 1107]
Event: 14803.845 Thread 0x0000028fe0b7cb20 Exception <a 'java/lang/NoSuchMethodError'{0x00000000cf711fc0}: static [B.<clinit>()V> (0x00000000cf711fc0) 
thrown [s\src\hotspot\share\prims\jni.cpp, line 1107]
Event: 15103.845 Thread 0x0000028fe0b7cb20 Exception <a 'java/lang/NoSuchMethodError'{0x00000000cf70e0d0}: static [Ljava/rmi/server/ObjID;.<clinit>()V> (0x00000000cf70e0d0) 
thrown [s\src\hotspot\share\prims\jni.cpp, line 1107]
Event: 15103.846 Thread 0x0000028fe0b7cb20 Exception <a 'java/lang/NoSuchMethodError'{0x00000000cf719d00}: static [B.<clinit>()V> (0x00000000cf719d00) 
thrown [s\src\hotspot\share\prims\jni.cpp, line 1107]
Event: 15403.847 Thread 0x0000028fe0b7cb20 Exception <a 'java/lang/NoSuchMethodError'{0x00000000cf706390}: static [Ljava/rmi/server/ObjID;.<clinit>()V> (0x00000000cf706390) 
thrown [s\src\hotspot\share\prims\jni.cpp, line 1107]
Event: 15403.853 Thread 0x0000028fe0b7cb20 Exception <a 'java/lang/NoSuchMethodError'{0x00000000cf711fc0}: static [B.<clinit>()V> (0x00000000cf711fc0) 
thrown [s\src\hotspot\share\prims\jni.cpp, line 1107]
Event: 15703.848 Thread 0x0000028fe0b7cb20 Exception <a 'java/lang/NoSuchMethodError'{0x00000000cf70fdd8}: static [Ljava/rmi/server/ObjID;.<clinit>()V> (0x00000000cf70fdd8) 
thrown [s\src\hotspot\share\prims\jni.cpp, line 1107]
Event: 15703.850 Thread 0x0000028fe0b7cb20 Exception <a 'java/lang/NoSuchMethodError'{0x00000000cf71ba08}: static [B.<clinit>()V> (0x00000000cf71ba08) 
thrown [s\src\hotspot\share\prims\jni.cpp, line 1107]
Event: 16003.850 Thread 0x0000028fe0b7cb20 Exception <a 'java/lang/NoSuchMethodError'{0x00000000cf70a230}: static [Ljava/rmi/server/ObjID;.<clinit>()V> (0x00000000cf70a230) 
thrown [s\src\hotspot\share\prims\jni.cpp, line 1107]
Event: 16003.852 Thread 0x0000028fe0b7cb20 Exception <a 'java/lang/NoSuchMethodError'{0x00000000cf715e60}: static [B.<clinit>()V> (0x00000000cf715e60) 
thrown [s\src\hotspot\share\prims\jni.cpp, line 1107]

VM Operations (20 events):
Event: 16029.904 Executing VM operation: G1CollectFull done
Event: 16040.278 Executing VM operation: G1CollectFull
Event: 16040.371 Executing VM operation: G1CollectFull done
Event: 16050.759 Executing VM operation: G1CollectFull
Event: 16050.849 Executing VM operation: G1CollectFull done
Event: 16061.270 Executing VM operation: G1CollectFull
Event: 16061.366 Executing VM operation: G1CollectFull done
Event: 16071.738 Executing VM operation: G1CollectFull
Event: 16071.839 Executing VM operation: G1CollectFull done
Event: 16082.235 Executing VM operation: G1CollectFull
Event: 16082.336 Executing VM operation: G1CollectFull done
Event: 16092.718 Executing VM operation: G1CollectFull
Event: 16092.809 Executing VM operation: G1CollectFull done
Event: 16103.160 Executing VM operation: G1CollectFull
Event: 16103.266 Executing VM operation: G1CollectFull done
Event: 16113.662 Executing VM operation: G1CollectFull
Event: 16113.757 Executing VM operation: G1CollectFull done
Event: 16124.501 Executing VM operation: G1CollectFull
Event: 16124.572 Executing VM operation: G1CollectFull done
Event: 16134.784 Executing VM operation: G1CollectFull

Events (20 events):
Event: 8797.599 Thread 0x0000028fe0b7a2a0 Thread exited: 0x0000028fe0b7a2a0
Event: 8799.120 Thread 0x0000028fe0b7b1d0 Thread added: 0x0000028fe0b7b1d0
Event: 8805.302 Thread 0x0000028fe0b77000 Thread added: 0x0000028fe0b77000
Event: 8809.023 Thread 0x0000028fe0b7a2a0 Thread added: 0x0000028fe0b7a2a0
Event: 8831.887 Thread 0x0000028fe0b78440 Thread added: 0x0000028fe0b78440
Event: 8849.056 Thread 0x0000028fe0b7c610 Thread added: 0x0000028fe0b7c610
Event: 8850.791 Thread 0x0000028fdfbc0880 Thread added: 0x0000028fdfbc0880
Event: 8850.791 Thread 0x0000028fdfbb9830 Thread added: 0x0000028fdfbb9830
Event: 8850.791 Thread 0x0000028fdfbb9d50 Thread added: 0x0000028fdfbb9d50
Event: 8851.781 Thread 0x0000028fdfbb9d50 Thread exited: 0x0000028fdfbb9d50
Event: 8859.001 Thread 0x0000028fdfbb9830 Thread exited: 0x0000028fdfbb9830
Event: 8864.001 Thread 0x0000028fdfbc0880 Thread exited: 0x0000028fdfbc0880
Event: 8937.120 Thread 0x0000028fe0b78440 Thread exited: 0x0000028fe0b78440
Event: 8946.986 Thread 0x0000028fe0b7c610 Thread exited: 0x0000028fe0b7c610
Event: 8952.466 Thread 0x0000028fe0b7a7b0 Thread added: 0x0000028fe0b7a7b0
Event: 9012.469 Thread 0x0000028fe0b79880 Thread exited: 0x0000028fe0b79880
Event: 9023.266 Thread 0x0000028fe0b7b1d0 Thread exited: 0x0000028fe0b7b1d0
Event: 9023.533 Thread 0x0000028fe0b77000 Thread exited: 0x0000028fe0b77000
Event: 9023.884 Thread 0x0000028fe0b7a7b0 Thread exited: 0x0000028fe0b7a7b0
Event: 9024.863 Thread 0x0000028fe0b7a2a0 Thread exited: 0x0000028fe0b7a2a0


Dynamic libraries:
0x00007ff6b8630000 - 0x00007ff6b863e000 	c:\Users\Administrador\.vscode\extensions\redhat.java-1.28.1-win32-x64\jre\17.0.10-win32-x86_64\bin\java.exe
0x00007ff81f270000 - 0x00007ff81f468000 	C:\WINDOWS\SYSTEM32\ntdll.dll
0x00007ff81e650000 - 0x00007ff81e70d000 	C:\WINDOWS\System32\KERNEL32.DLL
0x00007ff81cc00000 - 0x00007ff81cef6000 	C:\WINDOWS\System32\KERNELBASE.dll
0x0000000056600000 - 0x00000000566b2000 	C:\ProgramData\Symantec\Symantec Endpoint Protection\14.3.7393.4000.105\Data\Sysfer\x64\sysfer.dll
0x00007ff81d150000 - 0x00007ff81d250000 	C:\WINDOWS\System32\ucrtbase.dll
0x00007ff815920000 - 0x00007ff815937000 	c:\Users\Administrador\.vscode\extensions\redhat.java-1.28.1-win32-x64\jre\17.0.10-win32-x86_64\bin\jli.dll
0x00007ff81d2a0000 - 0x00007ff81d43e000 	C:\WINDOWS\System32\USER32.dll
0x00007ff81d120000 - 0x00007ff81d142000 	C:\WINDOWS\System32\win32u.dll
0x00007ff81d6b0000 - 0x00007ff81d6db000 	C:\WINDOWS\System32\GDI32.dll
0x00007ff81cf90000 - 0x00007ff81d0a7000 	C:\WINDOWS\System32\gdi32full.dll
0x00007ff81cb60000 - 0x00007ff81cbfd000 	C:\WINDOWS\System32\msvcp_win.dll
0x00007ff815940000 - 0x00007ff81595b000 	c:\Users\Administrador\.vscode\extensions\redhat.java-1.28.1-win32-x64\jre\17.0.10-win32-x86_64\bin\VCRUNTIME140.dll
0x00007ffff8bd0000 - 0x00007ffff8e6a000 	C:\WINDOWS\WinSxS\amd64_microsoft.windows.common-controls_6595b64144ccf1df_6.0.19041.3636_none_60b6a03d71f818d5\COMCTL32.dll
0x00007ff81e770000 - 0x00007ff81e80e000 	C:\WINDOWS\System32\msvcrt.dll
0x00007ff81e220000 - 0x00007ff81e252000 	C:\WINDOWS\System32\IMM32.DLL
0x00007ff815970000 - 0x00007ff81597c000 	c:\Users\Administrador\.vscode\extensions\redhat.java-1.28.1-win32-x64\jre\17.0.10-win32-x86_64\bin\vcruntime140_1.dll
0x00007fffd9a30000 - 0x00007fffd9abd000 	c:\Users\Administrador\.vscode\extensions\redhat.java-1.28.1-win32-x64\jre\17.0.10-win32-x86_64\bin\msvcp140.dll
0x00007fffad290000 - 0x00007fffadef2000 	c:\Users\Administrador\.vscode\extensions\redhat.java-1.28.1-win32-x64\jre\17.0.10-win32-x86_64\bin\server\jvm.dll
0x00007ff81d520000 - 0x00007ff81d5d0000 	C:\WINDOWS\System32\ADVAPI32.dll
0x00007ff81d8c0000 - 0x00007ff81d960000 	C:\WINDOWS\System32\sechost.dll
0x00007ff81d6e0000 - 0x00007ff81d805000 	C:\WINDOWS\System32\RPCRT4.dll
0x00007ff81c9d0000 - 0x00007ff81c9f7000 	C:\WINDOWS\System32\bcrypt.dll
0x00007ff81c2b0000 - 0x00007ff81c2fb000 	C:\WINDOWS\SYSTEM32\POWRPROF.dll
0x00007ff815910000 - 0x00007ff815919000 	C:\WINDOWS\SYSTEM32\WSOCK32.dll
0x00007ff81e270000 - 0x00007ff81e2db000 	C:\WINDOWS\System32\WS2_32.dll
0x00007ff8049d0000 - 0x00007ff8049f7000 	C:\WINDOWS\SYSTEM32\WINMM.dll
0x00007ff81b610000 - 0x00007ff81b61a000 	C:\WINDOWS\SYSTEM32\VERSION.dll
0x00007ff81c110000 - 0x00007ff81c122000 	C:\WINDOWS\SYSTEM32\UMPDC.dll
0x00007ff81b570000 - 0x00007ff81b582000 	C:\WINDOWS\SYSTEM32\kernel.appcore.dll
0x00007ff811580000 - 0x00007ff81158a000 	c:\Users\Administrador\.vscode\extensions\redhat.java-1.28.1-win32-x64\jre\17.0.10-win32-x86_64\bin\jimage.dll
0x00007ff81a400000 - 0x00007ff81a5e4000 	C:\WINDOWS\SYSTEM32\DBGHELP.DLL
0x00007ff80a6b0000 - 0x00007ff80a6e4000 	C:\WINDOWS\SYSTEM32\dbgcore.DLL
0x00007ff81cf00000 - 0x00007ff81cf82000 	C:\WINDOWS\System32\bcryptPrimitives.dll
0x00007ff80a200000 - 0x00007ff80a225000 	c:\Users\Administrador\.vscode\extensions\redhat.java-1.28.1-win32-x64\jre\17.0.10-win32-x86_64\bin\java.dll
0x00007ff80a2d0000 - 0x00007ff80a2e8000 	c:\Users\Administrador\.vscode\extensions\redhat.java-1.28.1-win32-x64\jre\17.0.10-win32-x86_64\bin\zip.dll
0x00007ff81d960000 - 0x00007ff81e0cb000 	C:\WINDOWS\System32\SHELL32.dll
0x00007ff81a720000 - 0x00007ff81aebe000 	C:\WINDOWS\SYSTEM32\windows.storage.dll
0x00007ff81e940000 - 0x00007ff81ec93000 	C:\WINDOWS\System32\combase.dll
0x00007ff81c350000 - 0x00007ff81c37e000 	C:\WINDOWS\SYSTEM32\Wldp.dll
0x00007ff81e580000 - 0x00007ff81e64d000 	C:\WINDOWS\System32\OLEAUT32.dll
0x00007ff81d810000 - 0x00007ff81d8bd000 	C:\WINDOWS\System32\SHCORE.dll
0x00007ff81e0d0000 - 0x00007ff81e125000 	C:\WINDOWS\System32\shlwapi.dll
0x00007ff81c850000 - 0x00007ff81c875000 	C:\WINDOWS\SYSTEM32\profapi.dll
0x00007ff80a1b0000 - 0x00007ff80a1c9000 	C:\Users\Administrador\.vscode\extensions\redhat.java-1.28.1-win32-x64\jre\17.0.10-win32-x86_64\bin\net.dll
0x00007ff817550000 - 0x00007ff81765a000 	C:\WINDOWS\SYSTEM32\WINHTTP.dll
0x00007ff81c040000 - 0x00007ff81c0aa000 	C:\WINDOWS\system32\mswsock.dll
0x00007ff809f30000 - 0x00007ff809f46000 	C:\Users\Administrador\.vscode\extensions\redhat.java-1.28.1-win32-x64\jre\17.0.10-win32-x86_64\bin\nio.dll
0x00007ff815b80000 - 0x00007ff815b90000 	c:\Users\Administrador\.vscode\extensions\redhat.java-1.28.1-win32-x64\jre\17.0.10-win32-x86_64\bin\verify.dll
0x00007ff81c250000 - 0x00007ff81c268000 	C:\WINDOWS\SYSTEM32\CRYPTSP.dll
0x00007ff81b910000 - 0x00007ff81b944000 	C:\WINDOWS\system32\rsaenh.dll
0x00007ff81c810000 - 0x00007ff81c83e000 	C:\WINDOWS\SYSTEM32\USERENV.dll
0x00007ff81c270000 - 0x00007ff81c27c000 	C:\WINDOWS\SYSTEM32\CRYPTBASE.dll
0x00007ff81bd30000 - 0x00007ff81bd6b000 	C:\WINDOWS\SYSTEM32\IPHLPAPI.DLL
0x00007ff81e3c0000 - 0x00007ff81e3c8000 	C:\WINDOWS\System32\NSI.dll
0x00007ff812030000 - 0x00007ff812047000 	C:\WINDOWS\SYSTEM32\dhcpcsvc6.DLL
0x00007ff812370000 - 0x00007ff81238d000 	C:\WINDOWS\SYSTEM32\dhcpcsvc.DLL
0x00007ff81bd80000 - 0x00007ff81be4b000 	C:\WINDOWS\SYSTEM32\DNSAPI.dll
0x00007ff8159d0000 - 0x00007ff8159d9000 	C:\Users\Administrador\.vscode\extensions\redhat.java-1.28.1-win32-x64\jre\17.0.10-win32-x86_64\bin\management.dll
0x00007ff80b690000 - 0x00007ff80b69b000 	C:\Users\Administrador\.vscode\extensions\redhat.java-1.28.1-win32-x64\jre\17.0.10-win32-x86_64\bin\management_ext.dll
0x00007ff81d6a0000 - 0x00007ff81d6a8000 	C:\WINDOWS\System32\PSAPI.DLL
0x00007ff817fa0000 - 0x00007ff817fae000 	C:\Users\Administrador\.vscode\extensions\redhat.java-1.28.1-win32-x64\jre\17.0.10-win32-x86_64\bin\sunmscapi.dll
0x00007ff81ca00000 - 0x00007ff81cb5d000 	C:\WINDOWS\System32\CRYPT32.dll
0x00007ff81c3c0000 - 0x00007ff81c3e8000 	C:\WINDOWS\SYSTEM32\ncrypt.dll
0x00007ff81c380000 - 0x00007ff81c3bb000 	C:\WINDOWS\SYSTEM32\NTASN1.dll
0x00007ff811ef0000 - 0x00007ff811efa000 	C:\Windows\System32\rasadhlp.dll
0x00007ff810330000 - 0x00007ff8103b0000 	C:\WINDOWS\System32\fwpuclnt.dll
0x00007ff816ad0000 - 0x00007ff816ad9000 	C:\Users\Administrador\.vscode\extensions\redhat.java-1.28.1-win32-x64\jre\17.0.10-win32-x86_64\bin\extnet.dll
0x00007ff80bbc0000 - 0x00007ff80bbc9000 	C:\Users\Administrador\.vscode\extensions\redhat.java-1.28.1-win32-x64\jre\17.0.10-win32-x86_64\bin\attach.dll
0x00007fffd81b0000 - 0x00007fffd81c7000 	C:\WINDOWS\system32\napinsp.dll
0x00007fffce450000 - 0x00007fffce46b000 	C:\WINDOWS\system32\pnrpnsp.dll
0x00007ff817760000 - 0x00007ff817775000 	C:\WINDOWS\system32\wshbth.dll
0x00007ff8174e0000 - 0x00007ff8174fd000 	C:\WINDOWS\system32\NLAapi.dll
0x00007fffce090000 - 0x00007fffce0a2000 	C:\WINDOWS\System32\winrnr.dll
0x00007ff8095f0000 - 0x00007ff8095f7000 	C:\Users\Administrador\.vscode\extensions\redhat.java-1.28.1-win32-x64\jre\17.0.10-win32-x86_64\bin\rmi.dll

dbghelp: loaded successfully - version: 4.0.5 - missing functions: none
symbol engine: initialized successfully - sym options: 0x614 - pdb path: .;c:\Users\Administrador\.vscode\extensions\redhat.java-1.28.1-win32-x64\jre\17.0.10-win32-x86_64\bin;C:\WINDOWS\SYSTEM32;C:\ProgramData\Symantec\Symantec Endpoint Protection\14.3.7393.4000.105\Data\Sysfer\x64;C:\WINDOWS\WinSxS\amd64_microsoft.windows.common-controls_6595b64144ccf1df_6.0.19041.3636_none_60b6a03d71f818d5;c:\Users\Administrador\.vscode\extensions\redhat.java-1.28.1-win32-x64\jre\17.0.10-win32-x86_64\bin\server

VM Arguments:
jvm_args: -XX:+HeapDumpOnOutOfMemoryError -Xmx1024m -Dsts.lsp.client=vscode -Dsts.log.file=/dev/null -XX:TieredStopAtLevel=1 -Xlog:jni+resolve=off -Dspring.config.location=file:c:\Users\Administrador\.vscode\extensions\vmware.vscode-spring-boot-1.53.0\language-server\BOOT-INF\classes\application.properties 
java_command: org.springframework.ide.vscode.boot.app.BootLanguageServerBootApp
java_class_path (initial): c:\Users\Administrador\.vscode\extensions\vmware.vscode-spring-boot-1.53.0\language-server\BOOT-INF\classes;c:\Users\Administrador\.vscode\extensions\vmware.vscode-spring-boot-1.53.0\language-server\BOOT-INF\lib\annotations-24.1.0.jar;c:\Users\Administrador\.vscode\extensions\vmware.vscode-spring-boot-1.53.0\language-server\BOOT-INF\lib\antlr4-runtime-4.11.1.jar;c:\Users\Administrador\.vscode\extensions\vmware.vscode-spring-boot-1.53.0\language-server\BOOT-INF\lib\asm-9.6.jar;c:\Users\Administrador\.vscode\extensions\vmware.vscode-spring-boot-1.53.0\language-server\BOOT-INF\lib\asm-analysis-9.6.jar;c:\Users\Administrador\.vscode\extensions\vmware.vscode-spring-boot-1.53.0\language-server\BOOT-INF\lib\asm-tree-9.6.jar;c:\Users\Administrador\.vscode\extensions\vmware.vscode-spring-boot-1.53.0\language-server\BOOT-INF\lib\asm-util-9.6.jar;c:\Users\Administrador\.vscode\extensions\vmware.vscode-spring-boot-1.53.0\language-server\BOOT-INF\lib\caffeine-3.1.8.jar;c:\Users\Administrador\.vscode\extensions\vmware.vscode-spring-boot-1.53.0\language-server\BOOT-INF\lib\checker-qual-3.12.0.jar;c:\Users\Administrador\.vscode\extensions\vmware.vscode-spring-boot-1.53.0\language-server\BOOT-INF\lib\classgraph-4.8.149.jar;c:\Users\Administrador\.vscode\extensions\vmware.vscode-spring-boot-1.53.0\language-server\BOOT-INF\lib\commons-codec-1.16.1.jar;c:\Users\Administrador\.vscode\extensions\vmware.vscode-spring-boot-1.53.0\language-server\BOOT-INF\lib\commons-compress-1.26.0.jar;c:\Users\Administrador\.vscode\extensions\vmware.vscode-spring-boot-1.53.0\language-server\BOOT-INF\lib\commons-io-2.4.jar;c:\Users\Administrador\.vscode\extensions\vmware.vscode-spring-boot-1.53.0\language-server\BOOT-INF\lib\commons-java-1.53.0-SNAPSHOT.jar;c:\Users\Administrador\.vscode\extensions\vmware.vscode-spring-boot-1.53.0\language-server\BOOT-INF\lib\commons-lang3-3.13.0.jar;c:\Users\Administrador\.vscode\extensions\vmware.vscode-spring-boot-1.53.0\language-server\BOOT
Launcher Type: SUN_STANDARD

[Global flags]
     intx CICompilerCount                          = 4                                         {product} {ergonomic}
     uint ConcGCThreads                            = 2                                         {product} {ergonomic}
     uint G1ConcRefinementThreads                  = 8                                         {product} {ergonomic}
   size_t G1HeapRegionSize                         = 1048576                                   {product} {ergonomic}
    uintx GCDrainStackTargetSize                   = 64                                        {product} {ergonomic}
     bool HeapDumpOnOutOfMemoryError               = true                                   {manageable} {command line}
   size_t InitialHeapSize                          = 260046848                                 {product} {ergonomic}
   size_t MarkStackSize                            = 4194304                                   {product} {ergonomic}
   size_t MaxHeapSize                              = 1073741824                                {product} {command line}
   size_t MaxNewSize                               = 643825664                                 {product} {ergonomic}
   size_t MinHeapDeltaBytes                        = 1048576                                   {product} {ergonomic}
   size_t MinHeapSize                              = 8388608                                   {product} {ergonomic}
    uintx NonProfiledCodeHeapSize                  = 0                                      {pd product} {ergonomic}
     bool ProfileInterpreter                       = false                                  {pd product} {command line}
    uintx ProfiledCodeHeapSize                     = 0                                      {pd product} {ergonomic}
   size_t SoftMaxHeapSize                          = 1073741824                             {manageable} {ergonomic}
     intx TieredStopAtLevel                        = 1                                         {product} {command line}
     bool UseCompressedClassPointers               = true                           {product lp64_product} {ergonomic}
     bool UseCompressedOops                        = true                           {product lp64_product} {ergonomic}
     bool UseG1GC                                  = true                                      {product} {ergonomic}
     bool UseLargePagesIndividualAllocation        = false                                  {pd product} {ergonomic}

Logging:
Log output configuration:
 #0: stdout all=warning,jni+resolve=off uptime,level,tags
 #1: stderr all=off uptime,level,tags

Environment Variables:
JAVA_HOME=C:\jdk-21.0.2
PATH=C:\Program Files\Eclipse Adoptium\jdk-21.0.2.13-hotspot\bin;C:\Program Files\Common Files\Oracle\Java\javapath;C:\WINDOWS\system32;C:\WINDOWS;C:\WINDOWS\System32\Wbem;C:\WINDOWS\System32\WindowsPowerShell\v1.0\;C:\WINDOWS\System32\OpenSSH\;C:\Program Files\dotnet\;C:\Program Files\Git\cmd;C:\Program Files\Amazon\AWSCLIV2\;C:\Users\Administrador\AppData\Local\Microsoft\WindowsApps;C:\Users\Administrador\AppData\Local\Programs\Microsoft VS Code\bin;C:\jdk-21.0.2\bin;C:\apache-maven-3.9.6\bin;
USERNAME=Administrador
OS=Windows_NT
PROCESSOR_IDENTIFIER=Intel64 Family 6 Model 140 Stepping 1, GenuineIntel
TMP=C:\Users\ADMINI~1\AppData\Local\Temp\1
TEMP=C:\Users\ADMINI~1\AppData\Local\Temp\1



Periodic native trim disabled


---------------  S Y S T E M  ---------------

OS:
 Windows 10 , 64 bit Build 19041 (10.0.19041.3636)
OS uptime: 7 days 17:08 hours

CPU: total 8 (initial active 8) (4 cores per cpu, 2 threads per core) family 6 model 140 stepping 1 microcode 0xb4, cx8, cmov, fxsr, ht, mmx, 3dnowpref, sse, sse2, sse3, ssse3, sse4.1, sse4.2, popcnt, lzcnt, tsc, tscinvbit, avx, avx2, aes, erms, clmul, bmi1, bmi2, adx, avx512f, avx512dq, avx512cd, avx512bw, avx512vl, sha, fma, vzeroupper, avx512_vpopcntdq, avx512_vpclmulqdq, avx512_vaes, avx512_vnni, clflush, clflushopt, clwb, avx512_vbmi2, avx512_vbmi
Processor Information for all 8 processors :
  Max Mhz: 1498, Current Mhz: 1498, Mhz Limit: 1498

Memory: 4k page, system-wide physical 15761M (2116M free)
TotalPageFile size 46170M (AvailPageFile size 15M)
current process WorkingSet (physical memory assigned to process): 162M, peak: 227M
current process commit charge ("private bytes"): 285M, peak: 359M

vm_info: OpenJDK 64-Bit Server VM (17.0.10+7) for windows-amd64 JRE (17.0.10+7), built on Jan 16 2024 23:25:11 by "admin" with MS VC++ 16.10 / 16.11 (VS2019)

END.
